<?xml version="1.0" encoding="UTF-8"?>
<!-- Generated by org.testng.reporters.JUnitReportReporter -->
<testsuite hostname="Salmans-MacBook-Pro.local" failures="0" tests="2" name="TestCases.Test1" time="24.938" errors="0" timestamp="2024-05-13T03:13:48 AEST" skipped="0">
  <testcase classname="TestCases.Test1" name="Action" time="13.481"/>
  <testcase classname="TestCases.Test1" name="Action" time="11.457"/>
</testsuite> <!-- TestCases.Test1 -->
