<?xml version="1.0" encoding="UTF-8"?>
<!-- Generated by org.testng.reporters.JUnitReportReporter -->
<testsuite hostname="Salmans-MacBook-Pro.local" failures="0" tests="1" name="TestCases.Test1" time="13.620" errors="0" timestamp="2024-05-13T02:20:26 AEST" skipped="0">
  <testcase classname="TestCases.Test1" name="Action" time="13.620"/>
</testsuite> <!-- TestCases.Test1 -->
